Started GET "/" for 127.0.0.1 at 2023-03-29 19:03:03 +0900
Processing by Rails::WelcomeController#index as HTML
  Rendering /Users/a/.rbenv/versions/3.2.0/lib/ruby/gems/3.2.0/gems/railties-7.0.4.3/lib/rails/templates/rails/welcome/index.html.erb
  Rendered /Users/a/.rbenv/versions/3.2.0/lib/ruby/gems/3.2.0/gems/railties-7.0.4.3/lib/rails/templates/rails/welcome/index.html.erb (Duration: 3.3ms | Allocations: 633)
Completed 200 OK in 22ms (Views: 9.8ms | ActiveRecord: 0.0ms | Allocations: 5336)


Started GET "/" for 127.0.0.1 at 2023-03-29 19:06:29 +0900
Processing by Rails::WelcomeController#index as HTML
  Rendering /Users/a/.rbenv/versions/3.2.0/lib/ruby/gems/3.2.0/gems/railties-7.0.4.3/lib/rails/templates/rails/welcome/index.html.erb
  Rendered /Users/a/.rbenv/versions/3.2.0/lib/ruby/gems/3.2.0/gems/railties-7.0.4.3/lib/rails/templates/rails/welcome/index.html.erb (Duration: 2.5ms | Allocations: 489)
Completed 200 OK in 23ms (Views: 9.9ms | ActiveRecord: 0.0ms | Allocations: 3460)


Started GET "/welcome" for 127.0.0.1 at 2023-03-29 19:23:51 +0900
  
ActionController::RoutingError (No route matches [GET] "/welcome"):
  
Started GET "/welcome/index" for 127.0.0.1 at 2023-03-29 19:24:43 +0900
Processing by WelcomeController#index as HTML
  Rendering layout layouts/application.html.erb
  Rendering welcome/index.html.erb within layouts/application
  Rendered welcome/index.html.erb within layouts/application (Duration: 0.9ms | Allocations: 111)
  Rendered layout layouts/application.html.erb (Duration: 289.3ms | Allocations: 86722)
Completed 200 OK in 297ms (Views: 290.9ms | Allocations: 88778)


Started GET "/welcome" for 127.0.0.1 at 2023-03-29 19:24:47 +0900
  
ActionController::RoutingError (No route matches [GET] "/welcome"):
  
Started GET "/welcome/index" for 127.0.0.1 at 2023-03-29 19:24:51 +0900
Processing by WelcomeController#index as HTML
  Rendering layout layouts/application.html.erb
  Rendering welcome/index.html.erb within layouts/application
  Rendered welcome/index.html.erb within layouts/application (Duration: 0.0ms | Allocations: 7)
  Rendered layout layouts/application.html.erb (Duration: 3.6ms | Allocations: 2283)
Completed 200 OK in 5ms (Views: 4.2ms | Allocations: 2543)


Started GET "/welcome/index" for 127.0.0.1 at 2023-03-29 19:26:57 +0900
Processing by WelcomeController#index as HTML
  Rendering layout layouts/application.html.erb
  Rendering welcome/index.html.erb within layouts/application
  Rendered welcome/index.html.erb within layouts/application (Duration: 0.0ms | Allocations: 7)
  Rendered layout layouts/application.html.erb (Duration: 5.5ms | Allocations: 2182)
Completed 200 OK in 7ms (Views: 6.1ms | Allocations: 2438)


Started GET "/" for 127.0.0.1 at 2023-03-29 19:45:24 +0900
Processing by WelcomeController#index as HTML
  Rendering layout layouts/application.html.erb
  Rendering welcome/index.html.haml within layouts/application
  Rendered welcome/index.html.haml within layouts/application (Duration: 8.7ms | Allocations: 7329)
  Rendered layout layouts/application.html.erb (Duration: 63.7ms | Allocations: 40986)
Completed 200 OK in 75ms (Views: 67.6ms | ActiveRecord: 0.0ms | Allocations: 44150)


Started GET "/" for 127.0.0.1 at 2023-03-29 19:45:47 +0900
Processing by WelcomeController#index as HTML
  Rendering layout layouts/application.html.erb
  Rendering welcome/index.html.haml within layouts/application
  Rendered welcome/index.html.haml within layouts/application (Duration: 2.7ms | Allocations: 1894)
  Rendered layout layouts/application.html.erb (Duration: 9.1ms | Allocations: 4471)
Completed 200 OK in 14ms (Views: 11.7ms | ActiveRecord: 0.0ms | Allocations: 5214)


